PS C:\Repos\SVMUG-2022\build\win2022> packer build -force -only "Windows Server 2022.vsphere-iso.win2022std" .\win2022.pkr.hcl
Windows Server 2022.vsphere-iso.win2022std: output will be in this color.

==> Windows Server 2022.vsphere-iso.win2022std: Creating VM...
==> Windows Server 2022.vsphere-iso.win2022std: Customizing hardware...
==> Windows Server 2022.vsphere-iso.win2022std: Mounting ISO images...
==> Windows Server 2022.vsphere-iso.win2022std: Adding configuration parameters...
==> Windows Server 2022.vsphere-iso.win2022std: Creating floppy disk...
    Windows Server 2022.vsphere-iso.win2022std: Copying files flatly from floppy_files
    Windows Server 2022.vsphere-iso.win2022std: Copying file: ../../bootfiles/win2022/standard/autounattend.xml
    Windows Server 2022.vsphere-iso.win2022std: Copying file: ../../scripts/common/install-vmtools64.cmd
    Windows Server 2022.vsphere-iso.win2022std: Copying file: ../../scripts/common/initial-setup.ps1
    Windows Server 2022.vsphere-iso.win2022std: Done copying files from floppy_files
    Windows Server 2022.vsphere-iso.win2022std: Collecting paths from floppy_dirs
    Windows Server 2022.vsphere-iso.win2022std: Resulting paths from floppy_dirs : []
    Windows Server 2022.vsphere-iso.win2022std: Done copying paths from floppy_dirs
    Windows Server 2022.vsphere-iso.win2022std: Copying files from floppy_content
    Windows Server 2022.vsphere-iso.win2022std: Done copying files from floppy_content
==> Windows Server 2022.vsphere-iso.win2022std: Uploading created floppy image
==> Windows Server 2022.vsphere-iso.win2022std: Adding generated Floppy...
==> Windows Server 2022.vsphere-iso.win2022std: Set boot order temporary...
==> Windows Server 2022.vsphere-iso.win2022std: Power on VM...
==> Windows Server 2022.vsphere-iso.win2022std: Waiting 3s for boot...
==> Windows Server 2022.vsphere-iso.win2022std: Typing boot command...
==> Windows Server 2022.vsphere-iso.win2022std: Waiting for IP...
==> Windows Server 2022.vsphere-iso.win2022std: IP address: 192.168.1.80
==> Windows Server 2022.vsphere-iso.win2022std: Using WinRM communicator to connect: 192.168.1.80
==> Windows Server 2022.vsphere-iso.win2022std: Waiting for WinRM to become available...
    Windows Server 2022.vsphere-iso.win2022std: WinRM connected.
==> Windows Server 2022.vsphere-iso.win2022std: Connected to WinRM!
==> Windows Server 2022.vsphere-iso.win2022std: Restarting Machine
==> Windows Server 2022.vsphere-iso.win2022std: Waiting for machine to restart...
==> Windows Server 2022.vsphere-iso.win2022std: A system shutdown is in progress.(1115)
    Windows Server 2022.vsphere-iso.win2022std: win2022std restarted.
==> Windows Server 2022.vsphere-iso.win2022std: Machine successfully restarted, moving on
==> Windows Server 2022.vsphere-iso.win2022std: Provisioning with Powershell...
==> Windows Server 2022.vsphere-iso.win2022std: Provisioning with powershell script: ../../scripts/win2022/disable-tls.ps1
    Windows Server 2022.vsphere-iso.win2022std: Disable TLS 1.0
    Windows Server 2022.vsphere-iso.win2022std: Disable TLS 1.1
==> Windows Server 2022.vsphere-iso.win2022std: Provisioning with powershell script: ../../scripts/win2022/disable-services.ps1
    Windows Server 2022.vsphere-iso.win2022std: Disable Internet Connection Sharing (ICS)
    Windows Server 2022.vsphere-iso.win2022std: Disable Link-Layer Topology Discovery Mapper
    Windows Server 2022.vsphere-iso.win2022std: Disable Smart Card Device Enumeration Service
    Windows Server 2022.vsphere-iso.win2022std: Disable Windows Insider Service
    Windows Server 2022.vsphere-iso.win2022std: Disable ActiveX Installer (AxInstSV)
    Windows Server 2022.vsphere-iso.win2022std: Disable Bluetooth Support Service
    Windows Server 2022.vsphere-iso.win2022std: Disable CDPUserSvc
    Windows Server 2022.vsphere-iso.win2022std: Disable Contact Data
    Windows Server 2022.vsphere-iso.win2022std: Disable WAP Push Message Routing Service
    Windows Server 2022.vsphere-iso.win2022std: Disable Downloaded Maps Manager
    Windows Server 2022.vsphere-iso.win2022std: Disable Geolocation Service
    Windows Server 2022.vsphere-iso.win2022std: Disable Microsoft Account Sign-in Assistant
    Windows Server 2022.vsphere-iso.win2022std: Disable Network Connection Broker
    Windows Server 2022.vsphere-iso.win2022std: Disable Print Spooler
    Windows Server 2022.vsphere-iso.win2022std: Disable Printer Extensions and Notifications
    Windows Server 2022.vsphere-iso.win2022std: Disable Program Compatibility Assistant Service
    Windows Server 2022.vsphere-iso.win2022std: Disable Quality Windows Audio Video Experience
    Windows Server 2022.vsphere-iso.win2022std: Disable Radio Management Service
    Windows Server 2022.vsphere-iso.win2022std: Disable Sensor Data Service
    Windows Server 2022.vsphere-iso.win2022std: Disable Sensor Monitoring Service
    Windows Server 2022.vsphere-iso.win2022std: Disable Sensor Service
    Windows Server 2022.vsphere-iso.win2022std: Disable Shell Hardware Detection
    Windows Server 2022.vsphere-iso.win2022std: Disable SSDP Discovery
    Windows Server 2022.vsphere-iso.win2022std: Disable Still Image Acquisition Events
    Windows Server 2022.vsphere-iso.win2022std: Disable Touch Keyboard and Handwriting Panel Service
    Windows Server 2022.vsphere-iso.win2022std: Disable UPnP Device Host
    Windows Server 2022.vsphere-iso.win2022std: Disable User Data Access
    Windows Server 2022.vsphere-iso.win2022std: Disable User Data Storage
    Windows Server 2022.vsphere-iso.win2022std: Disable WalletService
    Windows Server 2022.vsphere-iso.win2022std: Disable Windows Audio
    Windows Server 2022.vsphere-iso.win2022std: Disable Windows Audio Endpoint Builder
    Windows Server 2022.vsphere-iso.win2022std: Disable Windows Camera Frame Server
    Windows Server 2022.vsphere-iso.win2022std: Disable Windows Image Acquisition (WIA)
    Windows Server 2022.vsphere-iso.win2022std: Disable Windows Push Notifications System Service
    Windows Server 2022.vsphere-iso.win2022std: Disable Windows Push Notifications User Service
==> Windows Server 2022.vsphere-iso.win2022std: Provisioning with powershell script: ../../scripts/win2022/remove-features.ps1
    Windows Server 2022.vsphere-iso.win2022std: Remove PowerShell v2
    Windows Server 2022.vsphere-iso.win2022std: Remove XPS Viewer
    Windows Server 2022.vsphere-iso.win2022std: Remove Microsoft XPS Document Writer
    Windows Server 2022.vsphere-iso.win2022std: Remove Windows Media Player
    Windows Server 2022.vsphere-iso.win2022std: Remove Windows Media Playback
    Windows Server 2022.vsphere-iso.win2022std: Remove Internet Explorer 11
    Windows Server 2022.vsphere-iso.win2022std: WARNING: Restart is suppressed because NoRestart is specified.
    Windows Server 2022.vsphere-iso.win2022std: Remove Microsoft Print to PDF
    Windows Server 2022.vsphere-iso.win2022std: WARNING: Restart is suppressed because NoRestart is specified.
==> Windows Server 2022.vsphere-iso.win2022std: Provisioning with powershell script: ../../scripts/win2022/config-os.ps1
    Windows Server 2022.vsphere-iso.win2022std: Disable Windows Admin Center Pop-up in Server Manager
    Windows Server 2022.vsphere-iso.win2022std: Enable RDP Connections
    Windows Server 2022.vsphere-iso.win2022std: Add Logoff icon to Public Desktop
    Windows Server 2022.vsphere-iso.win2022std: Create C:\Temp
    Windows Server 2022.vsphere-iso.win2022std: Disable VMware Tools icon in System Tray
    Windows Server 2022.vsphere-iso.win2022std: Enable Windows Firewall
    Windows Server 2022.vsphere-iso.win2022std: Ok.
    Windows Server 2022.vsphere-iso.win2022std:
    Windows Server 2022.vsphere-iso.win2022std: Clear Event Logs
==> Windows Server 2022.vsphere-iso.win2022std: Pausing 30s before the next provisioner...
==> Windows Server 2022.vsphere-iso.win2022std: Uploading the Windows update elevated script...
==> Windows Server 2022.vsphere-iso.win2022std: Uploading the Windows update check for reboot required elevated script...
==> Windows Server 2022.vsphere-iso.win2022std: Uploading the Windows update script...
==> Windows Server 2022.vsphere-iso.win2022std: Running Windows update...
    Windows Server 2022.vsphere-iso.win2022std: Waiting for the Windows Modules Installer to exit...
    Windows Server 2022.vsphere-iso.win2022std: Waiting for operation to complete (system performance: 2% cpu; 27% memory)...
==> Windows Server 2022.vsphere-iso.win2022std: Restarting the machine...
==> Windows Server 2022.vsphere-iso.win2022std: Waiting for machine to become available...
==> Windows Server 2022.vsphere-iso.win2022std: A system shutdown is in progress.(1115)
==> Windows Server 2022.vsphere-iso.win2022std: Checking for pending restart...
    Windows Server 2022.vsphere-iso.win2022std: WIN2022STD restarted.
==> Windows Server 2022.vsphere-iso.win2022std: Restart complete
==> Windows Server 2022.vsphere-iso.win2022std: Running Windows update...
    Windows Server 2022.vsphere-iso.win2022std: Searching for Windows updates...
    Windows Server 2022.vsphere-iso.win2022std: Skipped (filter) Windows update (2022-02-15; 46.6 MB): 2022-02 Cumulative Update Preview for .NET Framework 3.5 and 4.8 for Microsoft server operating system version 21H2 for x64 (KB5010475)
    Windows Server 2022.vsphere-iso.win2022std: Found Windows update (2022-09-13; 36.67 MB): Windows Malicious Software Removal Tool x64 - v5.105 (KB890830)
    Windows Server 2022.vsphere-iso.win2022std: Skipped (filter) Windows update (2022-09-22; 57.2 MB): 2022-09 Cumulative Update Preview for .NET Framework 3.5, 4.8 and 4.8.1 for Microsoft server operating system version 21H2 for x64 (KB5017860)
    Windows Server 2022.vsphere-iso.win2022std: Skipped (filter) Windows update (2022-09-23; 113.07 MB): Security Intelligence Update for Microsoft Defender Antivirus - KB2267602 (Version 1.375.867.0)
    Windows Server 2022.vsphere-iso.win2022std: Found Windows update (2022-09-13; 24355.83 MB): 2022-09 Cumulative Update for Microsoft server operating system version 21H2 for x64-based Systems (KB5017316)
    Windows Server 2022.vsphere-iso.win2022std: Downloading Windows updates (2 updates; 24392.5 MB)...
    Windows Server 2022.vsphere-iso.win2022std: Waiting for operation to complete (system performance: 72% cpu; 32% memory)...
    Windows Server 2022.vsphere-iso.win2022std: Installing Windows updates...
    Windows Server 2022.vsphere-iso.win2022std: Waiting for operation to complete (system performance: 75% cpu; 42% memory)...
    Windows Server 2022.vsphere-iso.win2022std: Waiting for operation to complete (system performance: 95% cpu; 40% memory)...
    Windows Server 2022.vsphere-iso.win2022std: Waiting for operation to complete (system performance: 48% cpu; 34% memory)...
    Windows Server 2022.vsphere-iso.win2022std: Waiting for operation to complete (system performance: 64% cpu; 47% memory)...
    Windows Server 2022.vsphere-iso.win2022std: Waiting for operation to complete (system performance: 70% cpu; 61% memory)...
    Windows Server 2022.vsphere-iso.win2022std: Waiting for operation to complete (system performance: 56% cpu; 60% memory)...
    Windows Server 2022.vsphere-iso.win2022std: Waiting for operation to complete (system performance: 53% cpu; 63% memory)...
    Windows Server 2022.vsphere-iso.win2022std: Waiting for operation to complete (system performance: 52% cpu; 63% memory)...
    Windows Server 2022.vsphere-iso.win2022std: Waiting for operation to complete (system performance: 55% cpu; 65% memory)...
    Windows Server 2022.vsphere-iso.win2022std: Waiting for operation to complete (system performance: 35% cpu; 60% memory)...
    Windows Server 2022.vsphere-iso.win2022std: Waiting for operation to complete (system performance: 50% cpu; 56% memory)...
    Windows Server 2022.vsphere-iso.win2022std: Waiting for operation to complete (system performance: 45% cpu; 54% memory)...
    Windows Server 2022.vsphere-iso.win2022std: Waiting for operation to complete (system performance: 33% cpu; 57% memory)...
    Windows Server 2022.vsphere-iso.win2022std: Waiting for operation to complete (system performance: 51% cpu; 53% memory)...
    Windows Server 2022.vsphere-iso.win2022std: Waiting for the Windows Modules Installer to exit...
    Windows Server 2022.vsphere-iso.win2022std: Waiting for operation to complete (system performance: 23% cpu; 52% memory)...
==> Windows Server 2022.vsphere-iso.win2022std: Restarting the machine...
==> Windows Server 2022.vsphere-iso.win2022std: Waiting for machine to become available...
==> Windows Server 2022.vsphere-iso.win2022std: A system shutdown is in progress.(1115)
==> Windows Server 2022.vsphere-iso.win2022std: Checking for pending restart...
    Windows Server 2022.vsphere-iso.win2022std: Waiting for the Windows Modules Installer to exit...
==> Windows Server 2022.vsphere-iso.win2022std: Restart is still pending...
==> Windows Server 2022.vsphere-iso.win2022std: Restarting the machine...
==> Windows Server 2022.vsphere-iso.win2022std: Waiting for machine to become available...
==> Windows Server 2022.vsphere-iso.win2022std: A system shutdown is in progress.(1115)
==> Windows Server 2022.vsphere-iso.win2022std: Checking for pending restart...
    Windows Server 2022.vsphere-iso.win2022std: WIN2022STD restarted.
==> Windows Server 2022.vsphere-iso.win2022std: Restart complete
==> Windows Server 2022.vsphere-iso.win2022std: Running Windows update...
    Windows Server 2022.vsphere-iso.win2022std: Searching for Windows updates...
    Windows Server 2022.vsphere-iso.win2022std: Skipped (filter) Windows update (2022-02-15; 46.6 MB): 2022-02 Cumulative Update Preview for .NET Framework 3.5 and 4.8 for Microsoft server operating system version 21H2 for x64 (KB5010475)
    Windows Server 2022.vsphere-iso.win2022std: Found Windows update (2022-08-09; 0.07 MB): 2022-08 Security Update for Microsoft server operating system version 21H2 for x64-based Systems (KB5012170)
    Windows Server 2022.vsphere-iso.win2022std: Skipped (filter) Windows update (2022-09-22; 57.2 MB): 2022-09 Cumulative Update Preview for .NET Framework 3.5, 4.8 and 4.8.1 for Microsoft server operating system version 21H2 for x64 (KB5017860)
    Windows Server 2022.vsphere-iso.win2022std: Skipped (filter) Windows update (2022-09-23; 113.07 MB): Security Intelligence Update for Microsoft Defender Antivirus - KB2267602 (Version 1.375.867.0)
    Windows Server 2022.vsphere-iso.win2022std: Downloading Windows updates (1 updates; 0.07 MB)...
    Windows Server 2022.vsphere-iso.win2022std: Installing Windows updates...
==> Windows Server 2022.vsphere-iso.win2022std: Executing shutdown command...
==> Windows Server 2022.vsphere-iso.win2022std: Deleting Floppy drives...
==> Windows Server 2022.vsphere-iso.win2022std: Deleting Floppy image...
==> Windows Server 2022.vsphere-iso.win2022std: Eject CD-ROM drives...
==> Windows Server 2022.vsphere-iso.win2022std: Deleting CD-ROM drives...
==> Windows Server 2022.vsphere-iso.win2022std: Convert VM into template...
==> Windows Server 2022.vsphere-iso.win2022std: Clear boot order...
Build 'Windows Server 2022.vsphere-iso.win2022std' finished after 35 minutes 30 seconds.

==> Wait completed after 35 minutes 30 seconds

==> Builds finished. The artifacts of successful builds are:
--> Windows Server 2022.vsphere-iso.win2022std: win2022std