
PS C:\Repos\SVMUG-2022\build\win2022> packer build -force -only "Windows Server 2022.vsphere-iso.win2022stdcore" .\win2022.pkr.hcl
Windows Server 2022.vsphere-iso.win2022stdcore: output will be in this color.

==> Windows Server 2022.vsphere-iso.win2022stdcore: Creating VM...
==> Windows Server 2022.vsphere-iso.win2022stdcore: Customizing hardware...
==> Windows Server 2022.vsphere-iso.win2022stdcore: Mounting ISO images...
==> Windows Server 2022.vsphere-iso.win2022stdcore: Adding configuration parameters...
==> Windows Server 2022.vsphere-iso.win2022stdcore: Creating floppy disk...
    Windows Server 2022.vsphere-iso.win2022stdcore: Copying files flatly from floppy_files
    Windows Server 2022.vsphere-iso.win2022stdcore: Copying file: ../../bootfiles/win2022/standardcore/autounattend.xml
    Windows Server 2022.vsphere-iso.win2022stdcore: Copying file: ../../scripts/common/install-vmtools64.cmd
    Windows Server 2022.vsphere-iso.win2022stdcore: Copying file: ../../scripts/common/initial-setup.ps1
    Windows Server 2022.vsphere-iso.win2022stdcore: Done copying files from floppy_files
    Windows Server 2022.vsphere-iso.win2022stdcore: Collecting paths from floppy_dirs
    Windows Server 2022.vsphere-iso.win2022stdcore: Resulting paths from floppy_dirs : []
    Windows Server 2022.vsphere-iso.win2022stdcore: Done copying paths from floppy_dirs
    Windows Server 2022.vsphere-iso.win2022stdcore: Copying files from floppy_content
    Windows Server 2022.vsphere-iso.win2022stdcore: Done copying files from floppy_content
==> Windows Server 2022.vsphere-iso.win2022stdcore: Uploading created floppy image
==> Windows Server 2022.vsphere-iso.win2022stdcore: Adding generated Floppy...
==> Windows Server 2022.vsphere-iso.win2022stdcore: Set boot order temporary...
==> Windows Server 2022.vsphere-iso.win2022stdcore: Power on VM...
==> Windows Server 2022.vsphere-iso.win2022stdcore: Waiting 3s for boot...
==> Windows Server 2022.vsphere-iso.win2022stdcore: Typing boot command...
==> Windows Server 2022.vsphere-iso.win2022stdcore: Waiting for IP...
==> Windows Server 2022.vsphere-iso.win2022stdcore: IP address: 192.168.1.29
==> Windows Server 2022.vsphere-iso.win2022stdcore: Using WinRM communicator to connect: 192.168.1.29
==> Windows Server 2022.vsphere-iso.win2022stdcore: Waiting for WinRM to become available...
    Windows Server 2022.vsphere-iso.win2022stdcore: WinRM connected.
==> Windows Server 2022.vsphere-iso.win2022stdcore: Connected to WinRM!
==> Windows Server 2022.vsphere-iso.win2022stdcore: Restarting Machine
==> Windows Server 2022.vsphere-iso.win2022stdcore: Waiting for machine to restart...
==> Windows Server 2022.vsphere-iso.win2022stdcore: A system shutdown is in progress.(1115)
    Windows Server 2022.vsphere-iso.win2022stdcore: win2022stdcore restarted.
==> Windows Server 2022.vsphere-iso.win2022stdcore: Machine successfully restarted, moving on
==> Windows Server 2022.vsphere-iso.win2022stdcore: Provisioning with Powershell...
==> Windows Server 2022.vsphere-iso.win2022stdcore: Provisioning with powershell script: ../../scripts/win2022/disable-tls.ps1
    Windows Server 2022.vsphere-iso.win2022stdcore: Disable TLS 1.0
    Windows Server 2022.vsphere-iso.win2022stdcore: Disable TLS 1.1
==> Windows Server 2022.vsphere-iso.win2022stdcore: Provisioning with powershell script: ../../scripts/win2022/disable-services.ps1
    Windows Server 2022.vsphere-iso.win2022stdcore: Disable Internet Connection Sharing (ICS)
    Windows Server 2022.vsphere-iso.win2022stdcore: Disable Link-Layer Topology Discovery Mapper
    Windows Server 2022.vsphere-iso.win2022stdcore: Disable Smart Card Device Enumeration Service
    Windows Server 2022.vsphere-iso.win2022stdcore: Disable Windows Insider Service
==> Windows Server 2022.vsphere-iso.win2022stdcore: Provisioning with powershell script: ../../scripts/win2022/remove-features.ps1
    Windows Server 2022.vsphere-iso.win2022stdcore: Remove PowerShell v2
==> Windows Server 2022.vsphere-iso.win2022stdcore: Provisioning with powershell script: ../../scripts/win2022/config-os.ps1
    Windows Server 2022.vsphere-iso.win2022stdcore: Disable Windows Admin Center Pop-up in Server Manager
    Windows Server 2022.vsphere-iso.win2022stdcore: Enable RDP Connections
    Windows Server 2022.vsphere-iso.win2022stdcore: Add Logoff icon to Public Desktop
    Windows Server 2022.vsphere-iso.win2022stdcore: Create C:\Temp
    Windows Server 2022.vsphere-iso.win2022stdcore: Disable VMware Tools icon in System Tray
    Windows Server 2022.vsphere-iso.win2022stdcore: Enable Windows Firewall
    Windows Server 2022.vsphere-iso.win2022stdcore: Ok.
    Windows Server 2022.vsphere-iso.win2022stdcore:
    Windows Server 2022.vsphere-iso.win2022stdcore: Clear Event Logs
==> Windows Server 2022.vsphere-iso.win2022stdcore: Pausing 30s before the next provisioner...
==> Windows Server 2022.vsphere-iso.win2022stdcore: Uploading the Windows update elevated script...
==> Windows Server 2022.vsphere-iso.win2022stdcore: Uploading the Windows update check for reboot required elevated script...
==> Windows Server 2022.vsphere-iso.win2022stdcore: Uploading the Windows update script...
==> Windows Server 2022.vsphere-iso.win2022stdcore: Running Windows update...
    Windows Server 2022.vsphere-iso.win2022stdcore: Searching for Windows updates...
    Windows Server 2022.vsphere-iso.win2022stdcore: Skipped (filter) Windows update (2022-02-15; 46.6 MB): 2022-02 Cumulative Update Preview for .NET Framework 3.5 and 4.8 for Microsoft server operating system version 21H2 for x64 (KB5010475)
    Windows Server 2022.vsphere-iso.win2022stdcore: Skipped (filter) Windows update (2022-09-22; 57.2 MB): 2022-09 Cumulative Update Preview for .NET Framework 3.5, 4.8 and 4.8.1 for Microsoft server operating system version 21H2 for x64 (KB5017860)
    Windows Server 2022.vsphere-iso.win2022stdcore: Skipped (filter) Windows update (2022-09-23; 113.07 MB): Security Intelligence Update for Microsoft Defender Antivirus - KB2267602 (Version 1.375.867.0)
    Windows Server 2022.vsphere-iso.win2022stdcore: Found Windows update (2022-09-13; 24355.83 MB): 2022-09 Cumulative Update for Microsoft server operating system version 21H2 for x64-based Systems (KB5017316)
    Windows Server 2022.vsphere-iso.win2022stdcore: Downloading Windows updates (1 updates; 24355.83 MB)...
    Windows Server 2022.vsphere-iso.win2022stdcore: Waiting for operation to complete (system performance: 62% cpu; 28% memory)...
    Windows Server 2022.vsphere-iso.win2022stdcore: Waiting for operation to complete (system performance: 31% cpu; 28% memory)...
    Windows Server 2022.vsphere-iso.win2022stdcore: Installing Windows updates...
    Windows Server 2022.vsphere-iso.win2022stdcore: Waiting for operation to complete (system performance: 36% cpu; 35% memory)...
    Windows Server 2022.vsphere-iso.win2022stdcore: Waiting for operation to complete (system performance: 49% cpu; 28% memory)...
    Windows Server 2022.vsphere-iso.win2022stdcore: Waiting for operation to complete (system performance: 61% cpu; 47% memory)...
    Windows Server 2022.vsphere-iso.win2022stdcore: Waiting for operation to complete (system performance: 58% cpu; 52% memory)...
    Windows Server 2022.vsphere-iso.win2022stdcore: Waiting for operation to complete (system performance: 54% cpu; 55% memory)...
    Windows Server 2022.vsphere-iso.win2022stdcore: Waiting for operation to complete (system performance: 50% cpu; 56% memory)...
    Windows Server 2022.vsphere-iso.win2022stdcore: Waiting for operation to complete (system performance: 41% cpu; 52% memory)...
    Windows Server 2022.vsphere-iso.win2022stdcore: Waiting for operation to complete (system performance: 44% cpu; 50% memory)...
    Windows Server 2022.vsphere-iso.win2022stdcore: Waiting for the Windows Modules Installer to exit...
    Windows Server 2022.vsphere-iso.win2022stdcore: Waiting for operation to complete (system performance: 2% cpu; 45% memory)...
    Windows Server 2022.vsphere-iso.win2022stdcore: Waiting for operation to complete (system performance: 66% cpu; 44% memory)...
==> Windows Server 2022.vsphere-iso.win2022stdcore: Restarting the machine...
==> Windows Server 2022.vsphere-iso.win2022stdcore: Waiting for machine to become available...
==> Windows Server 2022.vsphere-iso.win2022stdcore: A system shutdown is in progress.(1115)
==> Windows Server 2022.vsphere-iso.win2022stdcore: A system shutdown is in progress.(1115)
==> Windows Server 2022.vsphere-iso.win2022stdcore: A system shutdown is in progress.(1115)
==> Windows Server 2022.vsphere-iso.win2022stdcore: A system shutdown is in progress.(1115)
==> Windows Server 2022.vsphere-iso.win2022stdcore: A system shutdown is in progress.(1115)
==> Windows Server 2022.vsphere-iso.win2022stdcore: Checking for pending restart...
    Windows Server 2022.vsphere-iso.win2022stdcore: WIN2022STDCORE restarted.
==> Windows Server 2022.vsphere-iso.win2022stdcore: Restart complete
==> Windows Server 2022.vsphere-iso.win2022stdcore: Running Windows update...
    Windows Server 2022.vsphere-iso.win2022stdcore: Searching for Windows updates...
    Windows Server 2022.vsphere-iso.win2022stdcore: Skipped (filter) Windows update (2022-02-15; 46.6 MB): 2022-02 Cumulative Update Preview for .NET Framework 3.5 and 4.8 for Microsoft server operating system version 21H2 for x64 (KB5010475)
    Windows Server 2022.vsphere-iso.win2022stdcore: Found Windows update (2022-08-09; 0.07 MB): 2022-08 Security Update for Microsoft server operating system version 21H2 for x64-based Systems (KB5012170)
    Windows Server 2022.vsphere-iso.win2022stdcore: Skipped (filter) Windows update (2022-09-22; 57.2 MB): 2022-09 Cumulative Update Preview for .NET Framework 3.5, 4.8 and 4.8.1 for Microsoft server operating system version 21H2 for x64 (KB5017860)
    Windows Server 2022.vsphere-iso.win2022stdcore: Skipped (filter) Windows update (2022-09-23; 113.07 MB): Security Intelligence Update for Microsoft Defender Antivirus - KB2267602 (Version 1.375.867.0)
    Windows Server 2022.vsphere-iso.win2022stdcore: Downloading Windows updates (1 updates; 0.07 MB)...
    Windows Server 2022.vsphere-iso.win2022stdcore: Installing Windows updates...
==> Windows Server 2022.vsphere-iso.win2022stdcore: Executing shutdown command...
==> Windows Server 2022.vsphere-iso.win2022stdcore: Deleting Floppy drives...
==> Windows Server 2022.vsphere-iso.win2022stdcore: Deleting Floppy image...
==> Windows Server 2022.vsphere-iso.win2022stdcore: Eject CD-ROM drives...
==> Windows Server 2022.vsphere-iso.win2022stdcore: Deleting CD-ROM drives...
==> Windows Server 2022.vsphere-iso.win2022stdcore: Convert VM into template...
==> Windows Server 2022.vsphere-iso.win2022stdcore: Clear boot order...
Build 'Windows Server 2022.vsphere-iso.win2022stdcore' finished after 24 minutes 6 seconds.

==> Wait completed after 24 minutes 6 seconds

==> Builds finished. The artifacts of successful builds are:
--> Windows Server 2022.vsphere-iso.win2022stdcore: win2022stdcore
PS C:\Repos\SVMUG-2022\build\win2022>